<?xml version="1.0" encoding="UTF-8"?>
<coverage generated="1753621719607" clover="3.2.0">
  <project timestamp="1753621719608" name="All files">
    <metrics statements="34" coveredstatements="22" conditionals="21" coveredconditionals="11" methods="9" coveredmethods="6" elements="64" coveredelements="39" complexity="0" loc="34" ncloc="34" packages="1" files="1" classes="1"/>
    <file name="index.tsx" path="C:\Users\martin\Desktop\orbital\gymAll\app\index.tsx">
      <metrics statements="34" coveredstatements="22" conditionals="21" coveredconditionals="11" methods="9" coveredmethods="6"/>
      <line num="19" count="40" type="stmt"/>
      <line num="20" count="40" type="stmt"/>
      <line num="21" count="40" type="stmt"/>
      <line num="22" count="40" type="stmt"/>
      <line num="24" count="40" type="stmt"/>
      <line num="25" count="40" type="stmt"/>
      <line num="26" count="40" type="stmt"/>
      <line num="28" count="40" type="cond" truecount="1" falsecount="1"/>
      <line num="29" count="0" type="stmt"/>
      <line num="36" count="40" type="stmt"/>
      <line num="37" count="7" type="cond" truecount="4" falsecount="0"/>
      <line num="38" count="3" type="stmt"/>
      <line num="39" count="3" type="stmt"/>
      <line num="41" count="4" type="cond" truecount="1" falsecount="1"/>
      <line num="42" count="0" type="stmt"/>
      <line num="43" count="0" type="stmt"/>
      <line num="45" count="4" type="stmt"/>
      <line num="46" count="4" type="stmt"/>
      <line num="49" count="40" type="stmt"/>
      <line num="50" count="0" type="cond" truecount="0" falsecount="5"/>
      <line num="51" count="0" type="stmt"/>
      <line num="52" count="0" type="stmt"/>
      <line num="54" count="0" type="stmt"/>
      <line num="55" count="0" type="stmt"/>
      <line num="58" count="40" type="stmt"/>
      <line num="109" count="1" type="stmt"/>
      <line num="117" count="8" type="stmt"/>
      <line num="131" count="0" type="cond" truecount="0" falsecount="2"/>
      <line num="132" count="0" type="stmt"/>
      <line num="134" count="0" type="stmt"/>
      <line num="195" count="7" type="stmt"/>
      <line num="256" count="2" type="stmt"/>
      <line num="266" count="0" type="stmt"/>
      <line num="279" count="1" type="stmt"/>
    </file>
  </project>
</coverage>
