{"C:\\Users\\martin\\Desktop\\orbital\\gymAll\\app\\index.tsx": {"path":"C:\\Users\\martin\\Desktop\\orbital\\gymAll\\app\\index.tsx","statementMap":{"0":{"start":{"line":19,"column":28},"end":{"line":19,"column":48}},"1":{"start":{"line":20,"column":26},"end":{"line":20,"column":46}},"2":{"start":{"line":21,"column":34},"end":{"line":21,"column":54}},"3":{"start":{"line":22,"column":34},"end":{"line":22,"column":54}},"4":{"start":{"line":24,"column":4},"end":{"line":24,"column":13}},"5":{"start":{"line":25,"column":30},"end":{"line":25,"column":49}},"6":{"start":{"line":26,"column":36},"end":{"line":26,"column":79}},"7":{"start":{"line":28,"column":2},"end":{"line":34,"column":3}},"8":{"start":{"line":29,"column":4},"end":{"line":33,"column":6}},"9":{"start":{"line":36,"column":27},"end":{"line":47,"column":3}},"10":{"start":{"line":37,"column":4},"end":{"line":40,"column":5}},"11":{"start":{"line":38,"column":6},"end":{"line":38,"column":67}},"12":{"start":{"line":39,"column":6},"end":{"line":39,"column":13}},"13":{"start":{"line":41,"column":4},"end":{"line":44,"column":5}},"14":{"start":{"line":42,"column":6},"end":{"line":42,"column":69}},"15":{"start":{"line":43,"column":6},"end":{"line":43,"column":13}},"16":{"start":{"line":45,"column":4},"end":{"line":45,"column":48}},"17":{"start":{"line":46,"column":4},"end":{"line":46,"column":28}},"18":{"start":{"line":49,"column":31},"end":{"line":56,"column":3}},"19":{"start":{"line":50,"column":4},"end":{"line":53,"column":5}},"20":{"start":{"line":51,"column":6},"end":{"line":51,"column":62}},"21":{"start":{"line":52,"column":6},"end":{"line":52,"column":13}},"22":{"start":{"line":54,"column":4},"end":{"line":54,"column":47}},"23":{"start":{"line":55,"column":4},"end":{"line":55,"column":23}},"24":{"start":{"line":58,"column":2},"end":{"line":276,"column":4}},"25":{"start":{"line":109,"column":23},"end":{"line":109,"column":52}},"26":{"start":{"line":117,"column":55},"end":{"line":117,"column":77}},"27":{"start":{"line":131,"column":18},"end":{"line":135,"column":19}},"28":{"start":{"line":132,"column":20},"end":{"line":132,"column":43}},"29":{"start":{"line":134,"column":20},"end":{"line":134,"column":39}},"30":{"start":{"line":195,"column":20},"end":{"line":195,"column":39}},"31":{"start":{"line":256,"column":24},"end":{"line":256,"column":75}},"32":{"start":{"line":266,"column":39},"end":{"line":266,"column":61}},"33":{"start":{"line":279,"column":15},"end":{"line":396,"column":2}}},"fnMap":{"0":{"name":"Index","decl":{"start":{"line":18,"column":24},"end":{"line":18,"column":29}},"loc":{"start":{"line":18,"column":32},"end":{"line":277,"column":1}},"line":18},"1":{"name":"(anonymous_1)","decl":{"start":{"line":36,"column":27},"end":{"line":36,"column":28}},"loc":{"start":{"line":36,"column":39},"end":{"line":47,"column":3}},"line":36},"2":{"name":"(anonymous_2)","decl":{"start":{"line":49,"column":31},"end":{"line":49,"column":32}},"loc":{"start":{"line":49,"column":43},"end":{"line":56,"column":3}},"line":49},"3":{"name":"(anonymous_3)","decl":{"start":{"line":109,"column":17},"end":{"line":109,"column":18}},"loc":{"start":{"line":109,"column":23},"end":{"line":109,"column":52}},"line":109},"4":{"name":"(anonymous_4)","decl":{"start":{"line":117,"column":49},"end":{"line":117,"column":50}},"loc":{"start":{"line":117,"column":55},"end":{"line":117,"column":77}},"line":117},"5":{"name":"(anonymous_5)","decl":{"start":{"line":130,"column":25},"end":{"line":130,"column":26}},"loc":{"start":{"line":130,"column":31},"end":{"line":136,"column":17}},"line":130},"6":{"name":"(anonymous_6)","decl":{"start":{"line":194,"column":27},"end":{"line":194,"column":28}},"loc":{"start":{"line":194,"column":39},"end":{"line":196,"column":19}},"line":194},"7":{"name":"(anonymous_7)","decl":{"start":{"line":255,"column":36},"end":{"line":255,"column":37}},"loc":{"start":{"line":256,"column":24},"end":{"line":256,"column":75}},"line":256},"8":{"name":"(anonymous_8)","decl":{"start":{"line":266,"column":27},"end":{"line":266,"column":28}},"loc":{"start":{"line":266,"column":39},"end":{"line":266,"column":61}},"line":266}},"branchMap":{"0":{"loc":{"start":{"line":28,"column":2},"end":{"line":34,"column":3}},"type":"if","locations":[{"start":{"line":28,"column":2},"end":{"line":34,"column":3}},{"start":{},"end":{}}],"line":28},"1":{"loc":{"start":{"line":37,"column":4},"end":{"line":40,"column":5}},"type":"if","locations":[{"start":{"line":37,"column":4},"end":{"line":40,"column":5}},{"start":{},"end":{}}],"line":37},"2":{"loc":{"start":{"line":37,"column":8},"end":{"line":37,"column":27}},"type":"binary-expr","locations":[{"start":{"line":37,"column":8},"end":{"line":37,"column":14}},{"start":{"line":37,"column":18},"end":{"line":37,"column":27}}],"line":37},"3":{"loc":{"start":{"line":41,"column":4},"end":{"line":44,"column":5}},"type":"if","locations":[{"start":{"line":41,"column":4},"end":{"line":44,"column":5}},{"start":{},"end":{}}],"line":41},"4":{"loc":{"start":{"line":50,"column":4},"end":{"line":53,"column":5}},"type":"if","locations":[{"start":{"line":50,"column":4},"end":{"line":53,"column":5}},{"start":{},"end":{}}],"line":50},"5":{"loc":{"start":{"line":50,"column":8},"end":{"line":50,"column":45}},"type":"binary-expr","locations":[{"start":{"line":50,"column":8},"end":{"line":50,"column":17}},{"start":{"line":50,"column":21},"end":{"line":50,"column":26}},{"start":{"line":50,"column":30},"end":{"line":50,"column":45}}],"line":50},"6":{"loc":{"start":{"line":125,"column":20},"end":{"line":125,"column":64}},"type":"cond-expr","locations":[{"start":{"line":125,"column":44},"end":{"line":125,"column":53}},{"start":{"line":125,"column":56},"end":{"line":125,"column":64}}],"line":125},"7":{"loc":{"start":{"line":131,"column":18},"end":{"line":135,"column":19}},"type":"if","locations":[{"start":{"line":131,"column":18},"end":{"line":135,"column":19}},{"start":{"line":133,"column":25},"end":{"line":135,"column":19}}],"line":131},"8":{"loc":{"start":{"line":147,"column":13},"end":{"line":271,"column":13}},"type":"cond-expr","locations":[{"start":{"line":148,"column":14},"end":{"line":200,"column":17}},{"start":{"line":202,"column":14},"end":{"line":270,"column":17}}],"line":147},"9":{"loc":{"start":{"line":254,"column":29},"end":{"line":254,"column":60}},"type":"cond-expr","locations":[{"start":{"line":254,"column":38},"end":{"line":254,"column":55}},{"start":{"line":254,"column":58},"end":{"line":254,"column":60}}],"line":254}},"s":{"0":40,"1":40,"2":40,"3":40,"4":40,"5":40,"6":40,"7":40,"8":0,"9":40,"10":7,"11":3,"12":3,"13":4,"14":0,"15":0,"16":4,"17":4,"18":40,"19":0,"20":0,"21":0,"22":0,"23":0,"24":40,"25":1,"26":8,"27":0,"28":0,"29":0,"30":7,"31":2,"32":0,"33":1},"f":{"0":40,"1":7,"2":0,"3":1,"4":8,"5":0,"6":7,"7":2,"8":0},"b":{"0":[0,40],"1":[3,4],"2":[7,5],"3":[0,4],"4":[0,0],"5":[0,0,0],"6":[40,0],"7":[0,0],"8":[18,22],"9":[2,20]},"_coverageSchema":"1a1c01bbd47fc00a2c39e90264f33305004495a9","hash":"699b7407aaabacb714f2a68954226a8974bcac0c"}
}
