TN:
SF:app\index.tsx
FN:18,Index
FN:36,(anonymous_1)
FN:49,(anonymous_2)
FN:109,(anonymous_3)
FN:117,(anonymous_4)
FN:130,(anonymous_5)
FN:194,(anonymous_6)
FN:255,(anonymous_7)
FN:266,(anonymous_8)
FNF:9
FNH:6
FNDA:40,Index
FNDA:7,(anonymous_1)
FNDA:0,(anonymous_2)
FNDA:1,(anonymous_3)
FNDA:8,(anonymous_4)
FNDA:0,(anonymous_5)
FNDA:7,(anonymous_6)
FNDA:2,(anonymous_7)
FNDA:0,(anonymous_8)
DA:19,40
DA:20,40
DA:21,40
DA:22,40
DA:24,40
DA:25,40
DA:26,40
DA:28,40
DA:29,0
DA:36,40
DA:37,7
DA:38,3
DA:39,3
DA:41,4
DA:42,0
DA:43,0
DA:45,4
DA:46,4
DA:49,40
DA:50,0
DA:51,0
DA:52,0
DA:54,0
DA:55,0
DA:58,40
DA:109,1
DA:117,8
DA:131,0
DA:132,0
DA:134,0
DA:195,7
DA:256,2
DA:266,0
DA:279,1
LF:34
LH:22
BRDA:28,0,0,0
BRDA:28,0,1,40
BRDA:37,1,0,3
BRDA:37,1,1,4
BRDA:37,2,0,7
BRDA:37,2,1,5
BRDA:41,3,0,0
BRDA:41,3,1,4
BRDA:50,4,0,0
BRDA:50,4,1,0
BRDA:50,5,0,0
BRDA:50,5,1,0
BRDA:50,5,2,0
BRDA:125,6,0,40
BRDA:125,6,1,0
BRDA:131,7,0,0
BRDA:131,7,1,0
BRDA:147,8,0,18
BRDA:147,8,1,22
BRDA:254,9,0,2
BRDA:254,9,1,20
BRF:21
BRH:11
end_of_record
